<?xml version="1.0" encoding="UTF-8"?>
<!-- Generated by org.testng.reporters.JUnitReportReporter -->
<testsuite hostname="LAPTOP-RU25AAK8" failures="0" tests="5" name="com.bcframeworkhybrid_testcases.RegisterTest" time="35.942" errors="0" timestamp="2024-12-17T18:50:39 GMT-05:00" skipped="0">
  <testcase classname="com.bcframeworkhybrid_testcases.RegisterTest" name="verifySuccessfulRegistration" time="6.976"/>
  <testcase classname="com.bcframeworkhybrid_testcases.RegisterTest" name="verifySuccessfulRegistration" time="8.194"/>
  <testcase classname="com.bcframeworkhybrid_testcases.RegisterTest" name="verifySuccessfulRegistration" time="6.576"/>
  <testcase classname="com.bcframeworkhybrid_testcases.RegisterTest" name="verifySuccessfulRegistration" time="7.828"/>
  <testcase classname="com.bcframeworkhybrid_testcases.RegisterTest" name="verifySuccessfulRegistration" time="6.368"/>
</testsuite> <!-- com.bcframeworkhybrid_testcases.RegisterTest -->
